<testsuites name="results">
  <testsuite name="all" package="all">
    <property name="random_seed" value="1756455294" />
    <testcase classname="tb_p_TOP_Til_Dep_total_piped_CT_syn_CSA_LUT" file="/home/wonjun.han/DotProduct_FP4/test_cocotb/tb_p_TOP_Til_Dep_total_piped_CT_syn_CSA_LUT.py" lineno="415" name="test_mxfp4_mac_pipelined_single_depth_streaming" ratio_time="513.0015666684399" sim_time_ns="2090.0" time="4.074061632156372">
      <failure message="Test failed with RANDOM_SEED=1756455294" />
    </testcase>
    <testcase classname="tb_p_TOP_Til_Dep_total_piped_CT_syn_CSA_LUT" file="/home/wonjun.han/DotProduct_FP4/test_cocotb/tb_p_TOP_Til_Dep_total_piped_CT_syn_CSA_LUT.py" lineno="428" name="test_mxfp4_mac_pipelined_throughput_streaming" ratio_time="nan" sim_time_ns="0" time="0">
      <failure message="Test failed with RANDOM_SEED=1756455294" />
    </testcase>
    <testcase classname="tb_p_TOP_Til_Dep_total_piped_CT_syn_CSA_LUT" file="/home/wonjun.han/DotProduct_FP4/test_cocotb/tb_p_TOP_Til_Dep_total_piped_CT_syn_CSA_LUT.py" lineno="441" name="test_mxfp4_mac_pipelined_mixed_depths_streaming" ratio_time="nan" sim_time_ns="0" time="0">
      <failure message="Test failed with RANDOM_SEED=1756455294" />
    </testcase>
  </testsuite>
</testsuites>
